<?xml version="1.0" encoding="utf-8"?><testsuites><testsuite errors="0" failures="0" hostname="DESKTOP-RKD05Q5" name="pytest" skipped="0" tests="6" time="5.165" timestamp="2021-02-10T00:25:54.373185"><testcase classname="functional.test_chatbot" name="test_start_chat" time="0.899" /><testcase classname="functional.test_chatbot" name="test_chat" time="2.724" /><testcase classname="functional.test_funcs" name="test_login" time="0.835" /><testcase classname="functional.test_funcs" name="test_invalid_login" time="0.004" /><testcase classname="functional.test_funcs" name="test_home_page" time="0.477" /><testcase classname="unit.test_models" name="test_new_user" time="0.004" /></testsuite></testsuites>